16:44:01,223 |-INFO in ch.qos.logback.classic.LoggerContext[default] - This is logback-classic version 1.5.18
16:44:01,229 |-INFO in ch.qos.logback.classic.util.ContextInitializer@2c4d1ac - Here is a list of configurators discovered as a service, by rank: 
16:44:01,229 |-INFO in ch.qos.logback.classic.util.ContextInitializer@2c4d1ac -   org.springframework.boot.logging.logback.RootLogLevelConfigurator
16:44:01,229 |-INFO in ch.qos.logback.classic.util.ContextInitializer@2c4d1ac - They will be invoked in order until ExecutionStatus.DO_NOT_INVOKE_NEXT_IF_ANY is returned.
16:44:01,229 |-INFO in ch.qos.logback.classic.util.ContextInitializer@2c4d1ac - Constructed configurator of type class org.springframework.boot.logging.logback.RootLogLevelConfigurator
16:44:01,242 |-INFO in ch.qos.logback.classic.util.ContextInitializer@2c4d1ac - org.springframework.boot.logging.logback.RootLogLevelConfigurator.configure() call lasted 1 milliseconds. ExecutionStatus=INVOKE_NEXT_IF_ANY
16:44:01,242 |-INFO in ch.qos.logback.classic.util.ContextInitializer@2c4d1ac - Trying to configure with ch.qos.logback.classic.joran.SerializedModelConfigurator
16:44:01,243 |-INFO in ch.qos.logback.classic.util.ContextInitializer@2c4d1ac - Constructed configurator of type class ch.qos.logback.classic.joran.SerializedModelConfigurator
16:44:01,262 |-INFO in ch.qos.logback.classic.LoggerContext[default] - Could NOT find resource [logback-test.scmo]
16:44:01,267 |-INFO in ch.qos.logback.classic.LoggerContext[default] - Could NOT find resource [logback.scmo]
16:44:01,267 |-INFO in ch.qos.logback.classic.util.ContextInitializer@2c4d1ac - ch.qos.logback.classic.joran.SerializedModelConfigurator.configure() call lasted 24 milliseconds. ExecutionStatus=INVOKE_NEXT_IF_ANY
16:44:01,267 |-INFO in ch.qos.logback.classic.util.ContextInitializer@2c4d1ac - Trying to configure with ch.qos.logback.classic.util.DefaultJoranConfigurator
16:44:01,268 |-INFO in ch.qos.logback.classic.util.ContextInitializer@2c4d1ac - Constructed configurator of type class ch.qos.logback.classic.util.DefaultJoranConfigurator
16:44:01,275 |-INFO in ch.qos.logback.classic.LoggerContext[default] - Could NOT find resource [logback-test.xml]
16:44:01,276 |-INFO in ch.qos.logback.classic.LoggerContext[default] - Found resource [logback.xml] at [jar:nested:/home/danish/Documents/digitaldots/patient360-api/target/patient360-api-1.0.0.jar/!BOOT-INF/lib/tracing-1.5.1-SNAPSHOT.jar!/logback.xml]
16:44:01,297 |-INFO in ConfigurationWatchList(mainURL=jar:nested:/home/danish/Documents/digitaldots/patient360-api/target/patient360-api-1.0.0.jar/!BOOT-INF/lib/tracing-1.5.1-SNAPSHOT.jar!/logback.xml, fileWatchList={}, urlWatchList=[}) - URL [jar:nested:/home/danish/Documents/digitaldots/patient360-api/target/patient360-api-1.0.0.jar/!BOOT-INF/lib/tracing-1.5.1-SNAPSHOT.jar!/logback.xml] is not of type file
16:44:02,191 |-INFO in ch.qos.logback.core.model.processor.ModelInterpretationContext@76a2ddf3 - value "CONSOLE_FILE" substituted for "${PLATFORM_LOG_FORMAT:-CONSOLE}_FILE"
16:44:02,224 |-WARN in ch.qos.logback.classic.model.processor.ConfigurationModelHandlerFull - Missing watchable .xml or .properties files.
16:44:02,224 |-WARN in ch.qos.logback.classic.model.processor.ConfigurationModelHandlerFull - Watching .xml files requires that the main configuration file is reachable as a URL
16:44:02,240 |-INFO in ch.qos.logback.core.model.processor.ModelInterpretationContext@76a2ddf3 - value "OTEL_CONSOLE" substituted for "OTEL_${PLATFORM_LOG_FORMAT:-CONSOLE}"
16:44:02,240 |-INFO in ch.qos.logback.core.model.processor.ModelInterpretationContext@76a2ddf3 - value "OTEL_CONSOLE_FILE" substituted for "OTEL_${PLATFORM_LOG_FILE}"
16:44:02,242 |-INFO in ch.qos.logback.core.model.processor.ModelInterpretationContext@76a2ddf3 - value "TRACE" substituted for "${PLATFORM_LOG_LEVEL:-INFO}"
16:44:02,242 |-INFO in ch.qos.logback.classic.model.processor.LoggerModelHandler - Setting level of logger [com.digitaldots] to TRACE
16:44:02,243 |-INFO in ch.qos.logback.core.model.processor.AppenderModelHandler - Processing appender named [LOGSTASH]
16:44:02,251 |-INFO in ch.qos.logback.core.model.processor.AppenderModelHandler - About to instantiate appender of type [ch.qos.logback.core.ConsoleAppender]
16:44:04,767 |-INFO in ch.qos.logback.core.ConsoleAppender[LOGSTASH] - BEWARE: Writing to the console can be very slow. Avoid logging to the 
16:44:04,767 |-INFO in ch.qos.logback.core.ConsoleAppender[LOGSTASH] - console in production environments, especially in high volume systems.
16:44:04,767 |-INFO in ch.qos.logback.core.ConsoleAppender[LOGSTASH] - See also https://logback.qos.ch/codes.html#slowConsole
16:44:04,768 |-INFO in ch.qos.logback.core.model.processor.AppenderModelHandler - Processing appender named [LOGSTASH_FILE]
16:44:04,768 |-INFO in ch.qos.logback.core.model.processor.AppenderModelHandler - About to instantiate appender of type [ch.qos.logback.core.rolling.RollingFileAppender]
16:44:04,777 |-INFO in ch.qos.logback.core.model.processor.ModelInterpretationContext@76a2ddf3 - value "/tmp/LOGSTASH_FILE.log" substituted for "${java.io.tmpdir}${file.separator}LOGSTASH_FILE.log"
16:44:04,784 |-INFO in ch.qos.logback.core.model.processor.ModelInterpretationContext@76a2ddf3 - value "/tmp/LOGSTASH_FILE.%i.log" substituted for "${java.io.tmpdir}${file.separator}LOGSTASH_FILE.%i.log"
16:44:04,784 |-INFO in ch.qos.logback.core.model.processor.ModelInterpretationContext@76a2ddf3 - value "5" substituted for "${MAX_BACKUP_INDEX}"
16:44:04,784 |-INFO in ch.qos.logback.core.rolling.FixedWindowRollingPolicy@524f3b3a - No compression will be used
16:44:04,813 |-INFO in ch.qos.logback.core.model.processor.ModelInterpretationContext@76a2ddf3 - value "10MB" substituted for "${MAX_FILE_SIZE}"
16:44:04,827 |-INFO in ch.qos.logback.core.rolling.RollingFileAppender[LOGSTASH_FILE] - Active log file name: /tmp/LOGSTASH_FILE.log
16:44:04,827 |-INFO in ch.qos.logback.core.rolling.RollingFileAppender[LOGSTASH_FILE] - File property is set to [/tmp/LOGSTASH_FILE.log]
16:44:04,832 |-INFO in ch.qos.logback.core.model.processor.AppenderModelHandler - Processing appender named [CONSOLE]
16:44:04,832 |-INFO in ch.qos.logback.core.model.processor.AppenderModelHandler - About to instantiate appender of type [ch.qos.logback.core.ConsoleAppender]
16:44:04,832 |-INFO in ch.qos.logback.core.model.processor.ImplicitModelHandler - Assuming default type [ch.qos.logback.classic.encoder.PatternLayoutEncoder] for [encoder] property
16:44:04,953 |-INFO in ch.qos.logback.core.ConsoleAppender[CONSOLE] - BEWARE: Writing to the console can be very slow. Avoid logging to the 
16:44:04,953 |-INFO in ch.qos.logback.core.ConsoleAppender[CONSOLE] - console in production environments, especially in high volume systems.
16:44:04,953 |-INFO in ch.qos.logback.core.ConsoleAppender[CONSOLE] - See also https://logback.qos.ch/codes.html#slowConsole
16:44:04,954 |-INFO in ch.qos.logback.core.model.processor.AppenderModelHandler - Processing appender named [CONSOLE_FILE]
16:44:04,954 |-INFO in ch.qos.logback.core.model.processor.AppenderModelHandler - About to instantiate appender of type [ch.qos.logback.core.rolling.RollingFileAppender]
16:44:04,954 |-INFO in ch.qos.logback.core.model.processor.ModelInterpretationContext@76a2ddf3 - value "/tmp/CONSOLE_FILE.log" substituted for "${java.io.tmpdir}${file.separator}CONSOLE_FILE.log"
16:44:04,954 |-INFO in ch.qos.logback.core.model.processor.ModelInterpretationContext@76a2ddf3 - value "/tmp/CONSOLE_FILE.%i.log" substituted for "${java.io.tmpdir}${file.separator}CONSOLE_FILE.%i.log"
16:44:04,954 |-INFO in ch.qos.logback.core.model.processor.ModelInterpretationContext@76a2ddf3 - value "5" substituted for "${MAX_BACKUP_INDEX}"
16:44:04,954 |-INFO in ch.qos.logback.core.rolling.FixedWindowRollingPolicy@41e68d87 - No compression will be used
16:44:04,955 |-INFO in ch.qos.logback.core.model.processor.ModelInterpretationContext@76a2ddf3 - value "10MB" substituted for "${MAX_FILE_SIZE}"
16:44:04,955 |-INFO in ch.qos.logback.core.model.processor.ImplicitModelHandler - Assuming default type [ch.qos.logback.classic.encoder.PatternLayoutEncoder] for [encoder] property
16:44:04,957 |-INFO in ch.qos.logback.core.rolling.RollingFileAppender[CONSOLE_FILE] - Active log file name: /tmp/CONSOLE_FILE.log
16:44:04,957 |-INFO in ch.qos.logback.core.rolling.RollingFileAppender[CONSOLE_FILE] - File property is set to [/tmp/CONSOLE_FILE.log]
16:44:04,958 |-WARN in ch.qos.logback.core.model.processor.AppenderModelHandler - Appender named [OTEL_LOGSTASH] not referenced. Skipping further processing.
16:44:04,958 |-WARN in ch.qos.logback.core.model.processor.AppenderModelHandler - Appender named [OTEL_LOGSTASH_FILE] not referenced. Skipping further processing.
16:44:04,958 |-INFO in ch.qos.logback.core.model.processor.AppenderModelHandler - Processing appender named [OTEL_CONSOLE]
16:44:04,958 |-INFO in ch.qos.logback.core.model.processor.AppenderModelHandler - About to instantiate appender of type [io.opentelemetry.instrumentation.logback.mdc.v1_0.OpenTelemetryAppender]
16:44:04,964 |-INFO in ch.qos.logback.core.model.processor.AppenderRefModelHandler - Attaching appender named [CONSOLE] to io.opentelemetry.instrumentation.logback.mdc.v1_0.OpenTelemetryAppender[OTEL_CONSOLE]
16:44:04,964 |-INFO in ch.qos.logback.core.model.processor.AppenderModelHandler - Processing appender named [OTEL_CONSOLE_FILE]
16:44:04,964 |-INFO in ch.qos.logback.core.model.processor.AppenderModelHandler - About to instantiate appender of type [io.opentelemetry.instrumentation.logback.mdc.v1_0.OpenTelemetryAppender]
16:44:04,964 |-INFO in ch.qos.logback.core.model.processor.AppenderRefModelHandler - Attaching appender named [CONSOLE_FILE] to io.opentelemetry.instrumentation.logback.mdc.v1_0.OpenTelemetryAppender[OTEL_CONSOLE_FILE]
16:44:04,964 |-INFO in ch.qos.logback.core.model.processor.ModelInterpretationContext@76a2ddf3 - value "WARN" substituted for "${LOG_LEVEL:-WARN}"
16:44:04,964 |-INFO in ch.qos.logback.classic.model.processor.RootLoggerModelHandler - Setting level of ROOT logger to WARN
16:44:04,964 |-INFO in ch.qos.logback.core.model.processor.ModelInterpretationContext@76a2ddf3 - value "OTEL_CONSOLE" substituted for "OTEL_${PLATFORM_LOG_FORMAT:-CONSOLE}"
16:44:04,964 |-INFO in ch.qos.logback.core.model.processor.AppenderRefModelHandler - Attaching appender named [OTEL_CONSOLE] to Logger[ROOT]
16:44:04,965 |-INFO in ch.qos.logback.core.model.processor.ModelInterpretationContext@76a2ddf3 - value "OTEL_CONSOLE_FILE" substituted for "OTEL_${PLATFORM_LOG_FILE}"
16:44:04,965 |-INFO in ch.qos.logback.core.model.processor.AppenderRefModelHandler - Attaching appender named [OTEL_CONSOLE_FILE] to Logger[ROOT]
16:44:04,965 |-INFO in ch.qos.logback.core.model.processor.DefaultProcessor@49ff7d8c - End of configuration.
16:44:04,966 |-INFO in ch.qos.logback.classic.joran.JoranConfigurator@29526c05 - Registering current configuration as safe fallback point
16:44:04,966 |-INFO in ch.qos.logback.classic.util.ContextInitializer@2c4d1ac - ch.qos.logback.classic.util.DefaultJoranConfigurator.configure() call lasted 3698 milliseconds. ExecutionStatus=DO_NOT_INVOKE_NEXT_IF_ANY

16:44:10,064 |-INFO in ConfigurationWatchList(mainURL=jar:nested:/home/danish/Documents/digitaldots/patient360-api/target/patient360-api-1.0.0.jar/!BOOT-INF/lib/tracing-1.5.1-SNAPSHOT.jar!/logback.xml, fileWatchList={}, urlWatchList=[}) - URL [jar:nested:/home/danish/Documents/digitaldots/patient360-api/target/patient360-api-1.0.0.jar/!BOOT-INF/lib/tracing-1.5.1-SNAPSHOT.jar!/logback.xml] is not of type file
16:44:10,165 |-INFO in ch.qos.logback.core.model.processor.ModelInterpretationContext@298f0a0b - value "CONSOLE_FILE" substituted for "${PLATFORM_LOG_FORMAT:-CONSOLE}_FILE"
16:44:10,165 |-WARN in ch.qos.logback.classic.model.processor.ConfigurationModelHandlerFull - Missing watchable .xml or .properties files.
16:44:10,165 |-WARN in ch.qos.logback.classic.model.processor.ConfigurationModelHandlerFull - Watching .xml files requires that the main configuration file is reachable as a URL
16:44:10,165 |-INFO in ch.qos.logback.core.model.processor.ModelInterpretationContext@298f0a0b - value "OTEL_CONSOLE" substituted for "OTEL_${PLATFORM_LOG_FORMAT:-CONSOLE}"
16:44:10,165 |-INFO in ch.qos.logback.core.model.processor.ModelInterpretationContext@298f0a0b - value "OTEL_CONSOLE_FILE" substituted for "OTEL_${PLATFORM_LOG_FILE}"
16:44:10,166 |-INFO in ch.qos.logback.core.model.processor.ModelInterpretationContext@298f0a0b - value "TRACE" substituted for "${PLATFORM_LOG_LEVEL:-INFO}"
16:44:10,166 |-INFO in ch.qos.logback.classic.model.processor.LoggerModelHandler - Setting level of logger [com.digitaldots] to TRACE
16:44:10,166 |-INFO in ch.qos.logback.classic.jul.LevelChangePropagator@2b960a7 - Propagating TRACE level on Logger[com.digitaldots] onto the JUL framework
16:44:10,172 |-INFO in ch.qos.logback.core.model.processor.AppenderModelHandler - Processing appender named [LOGSTASH]
16:44:10,172 |-INFO in ch.qos.logback.core.model.processor.AppenderModelHandler - About to instantiate appender of type [ch.qos.logback.core.ConsoleAppender]
16:44:10,184 |-INFO in ch.qos.logback.core.ConsoleAppender[LOGSTASH] - BEWARE: Writing to the console can be very slow. Avoid logging to the 
16:44:10,184 |-INFO in ch.qos.logback.core.ConsoleAppender[LOGSTASH] - console in production environments, especially in high volume systems.
16:44:10,184 |-INFO in ch.qos.logback.core.ConsoleAppender[LOGSTASH] - See also https://logback.qos.ch/codes.html#slowConsole
16:44:10,184 |-INFO in ch.qos.logback.core.model.processor.AppenderModelHandler - Processing appender named [LOGSTASH_FILE]
16:44:10,184 |-INFO in ch.qos.logback.core.model.processor.AppenderModelHandler - About to instantiate appender of type [ch.qos.logback.core.rolling.RollingFileAppender]
16:44:10,185 |-INFO in ch.qos.logback.core.model.processor.ModelInterpretationContext@298f0a0b - value "/tmp/LOGSTASH_FILE.log" substituted for "${java.io.tmpdir}${file.separator}LOGSTASH_FILE.log"
16:44:10,185 |-INFO in ch.qos.logback.core.model.processor.ModelInterpretationContext@298f0a0b - value "/tmp/LOGSTASH_FILE.%i.log" substituted for "${java.io.tmpdir}${file.separator}LOGSTASH_FILE.%i.log"
16:44:10,185 |-INFO in ch.qos.logback.core.model.processor.ModelInterpretationContext@298f0a0b - value "5" substituted for "${MAX_BACKUP_INDEX}"
16:44:10,185 |-INFO in ch.qos.logback.core.rolling.FixedWindowRollingPolicy@31dfc6f5 - No compression will be used
16:44:10,185 |-INFO in ch.qos.logback.core.model.processor.ModelInterpretationContext@298f0a0b - value "10MB" substituted for "${MAX_FILE_SIZE}"
16:44:10,194 |-INFO in ch.qos.logback.core.rolling.RollingFileAppender[LOGSTASH_FILE] - Active log file name: /tmp/LOGSTASH_FILE.log
16:44:10,194 |-INFO in ch.qos.logback.core.rolling.RollingFileAppender[LOGSTASH_FILE] - File property is set to [/tmp/LOGSTASH_FILE.log]
16:44:10,196 |-INFO in ch.qos.logback.core.model.processor.AppenderModelHandler - Processing appender named [CONSOLE]
16:44:10,196 |-INFO in ch.qos.logback.core.model.processor.AppenderModelHandler - About to instantiate appender of type [ch.qos.logback.core.ConsoleAppender]
16:44:10,196 |-INFO in ch.qos.logback.core.model.processor.ImplicitModelHandler - Assuming default type [ch.qos.logback.classic.encoder.PatternLayoutEncoder] for [encoder] property
16:44:10,206 |-INFO in ch.qos.logback.core.ConsoleAppender[CONSOLE] - BEWARE: Writing to the console can be very slow. Avoid logging to the 
16:44:10,206 |-INFO in ch.qos.logback.core.ConsoleAppender[CONSOLE] - console in production environments, especially in high volume systems.
16:44:10,206 |-INFO in ch.qos.logback.core.ConsoleAppender[CONSOLE] - See also https://logback.qos.ch/codes.html#slowConsole
16:44:10,207 |-INFO in ch.qos.logback.core.model.processor.AppenderModelHandler - Processing appender named [CONSOLE_FILE]
16:44:10,207 |-INFO in ch.qos.logback.core.model.processor.AppenderModelHandler - About to instantiate appender of type [ch.qos.logback.core.rolling.RollingFileAppender]
16:44:10,207 |-INFO in ch.qos.logback.core.model.processor.ModelInterpretationContext@298f0a0b - value "/tmp/CONSOLE_FILE.log" substituted for "${java.io.tmpdir}${file.separator}CONSOLE_FILE.log"
16:44:10,207 |-INFO in ch.qos.logback.core.model.processor.ModelInterpretationContext@298f0a0b - value "/tmp/CONSOLE_FILE.%i.log" substituted for "${java.io.tmpdir}${file.separator}CONSOLE_FILE.%i.log"
16:44:10,207 |-INFO in ch.qos.logback.core.model.processor.ModelInterpretationContext@298f0a0b - value "5" substituted for "${MAX_BACKUP_INDEX}"
16:44:10,207 |-INFO in ch.qos.logback.core.rolling.FixedWindowRollingPolicy@37b52340 - No compression will be used
16:44:10,207 |-INFO in ch.qos.logback.core.model.processor.ModelInterpretationContext@298f0a0b - value "10MB" substituted for "${MAX_FILE_SIZE}"
16:44:10,208 |-INFO in ch.qos.logback.core.model.processor.ImplicitModelHandler - Assuming default type [ch.qos.logback.classic.encoder.PatternLayoutEncoder] for [encoder] property
16:44:10,211 |-INFO in ch.qos.logback.core.rolling.RollingFileAppender[CONSOLE_FILE] - Active log file name: /tmp/CONSOLE_FILE.log
16:44:10,211 |-INFO in ch.qos.logback.core.rolling.RollingFileAppender[CONSOLE_FILE] - File property is set to [/tmp/CONSOLE_FILE.log]
16:44:10,212 |-WARN in ch.qos.logback.core.model.processor.AppenderModelHandler - Appender named [OTEL_LOGSTASH] not referenced. Skipping further processing.
16:44:10,212 |-WARN in ch.qos.logback.core.model.processor.AppenderModelHandler - Appender named [OTEL_LOGSTASH_FILE] not referenced. Skipping further processing.
16:44:10,212 |-INFO in ch.qos.logback.core.model.processor.AppenderModelHandler - Processing appender named [OTEL_CONSOLE]
16:44:10,212 |-INFO in ch.qos.logback.core.model.processor.AppenderModelHandler - About to instantiate appender of type [io.opentelemetry.instrumentation.logback.mdc.v1_0.OpenTelemetryAppender]
16:44:10,212 |-INFO in ch.qos.logback.core.model.processor.AppenderRefModelHandler - Attaching appender named [CONSOLE] to io.opentelemetry.instrumentation.logback.mdc.v1_0.OpenTelemetryAppender[OTEL_CONSOLE]
16:44:10,212 |-INFO in ch.qos.logback.core.model.processor.AppenderModelHandler - Processing appender named [OTEL_CONSOLE_FILE]
16:44:10,212 |-INFO in ch.qos.logback.core.model.processor.AppenderModelHandler - About to instantiate appender of type [io.opentelemetry.instrumentation.logback.mdc.v1_0.OpenTelemetryAppender]
16:44:10,212 |-INFO in ch.qos.logback.core.model.processor.AppenderRefModelHandler - Attaching appender named [CONSOLE_FILE] to io.opentelemetry.instrumentation.logback.mdc.v1_0.OpenTelemetryAppender[OTEL_CONSOLE_FILE]
16:44:10,212 |-INFO in ch.qos.logback.core.model.processor.ModelInterpretationContext@298f0a0b - value "WARN" substituted for "${LOG_LEVEL:-WARN}"
16:44:10,212 |-INFO in ch.qos.logback.classic.model.processor.RootLoggerModelHandler - Setting level of ROOT logger to WARN
16:44:10,212 |-INFO in ch.qos.logback.classic.jul.LevelChangePropagator@2b960a7 - Propagating WARN level on Logger[ROOT] onto the JUL framework
16:44:10,212 |-INFO in ch.qos.logback.core.model.processor.ModelInterpretationContext@298f0a0b - value "OTEL_CONSOLE" substituted for "OTEL_${PLATFORM_LOG_FORMAT:-CONSOLE}"
16:44:10,212 |-INFO in ch.qos.logback.core.model.processor.AppenderRefModelHandler - Attaching appender named [OTEL_CONSOLE] to Logger[ROOT]
16:44:10,212 |-INFO in ch.qos.logback.core.model.processor.ModelInterpretationContext@298f0a0b - value "OTEL_CONSOLE_FILE" substituted for "OTEL_${PLATFORM_LOG_FILE}"
16:44:10,212 |-INFO in ch.qos.logback.core.model.processor.AppenderRefModelHandler - Attaching appender named [OTEL_CONSOLE_FILE] to Logger[ROOT]
16:44:10,212 |-INFO in ch.qos.logback.core.model.processor.DefaultProcessor@663bb8ef - End of configuration.
16:44:10,212 |-INFO in org.springframework.boot.logging.logback.SpringBootJoranConfigurator@2f4e40d7 - Registering current configuration as safe fallback point

  ______                   _                
 |  ____|                 | |               
 | |__    __   __   ___   | | __   __   ___ 
 |  __|   \ \ / /  / _ \  | | \ \ / /  / _ \
 | |____   \ V /  | (_) | | |  \ V /  |  __/ 
 |______|   \_/    \___/  |_|   \_/    \___| .
 ===========================================
 :: patient360-api :: 		    local

16:44:11.143 [main] INFO  com.digitaldots.AccessHealthApplication:50 [ :  :  :  :  : ] Starting AccessHealthApplication v1.0.0 using Java 17.0.12 with PID 7874 (/home/danish/Documents/digitaldots/patient360-api/target/patient360-api-1.0.0.jar started by danish in /home/danish/Documents/digitaldots/scripts) 
16:44:11.210 [main] DEBUG com.digitaldots.AccessHealthApplication:51 [ :  :  :  :  : ] Running with Spring Boot v3.3.11, Spring v6.1.19 
16:44:11.218 [main] INFO  com.digitaldots.AccessHealthApplication:654 [ :  :  :  :  : ] No active profile set, falling back to 1 default profile: "default" 
16:44:31.218 [main] DEBUG c.d.p.common.api.auth.AuthorizationFilter:240 [ :  :  :  :  : ] Filter 'authorizationFilter' configured for use 
16:44:31.221 [main] DEBUG c.d.platform.common.api.auth.SystemAuthFilter:240 [ :  :  :  :  : ] Filter 'systemAuthFilter' configured for use 
16:44:31.238 [main] DEBUG c.d.platform.common.api.auth.JwtFilter:240 [ :  :  :  :  : ] Filter 'jwtFilter' configured for use 
16:44:45.457 [main] WARN  o.s.b.a.s.s.UserDetailsServiceAutoConfiguration:86 [ :  :  :  :  : ] 

Using generated security password: 050576f4-24e7-4b01-b558-7d690178ba9d

This generated password is for development use only. Your security configuration must be updated before running your application in production.
 
16:44:51.704 [main] INFO  com.digitaldots.AccessHealthApplication:56 [ :  :  :  :  : ] Started AccessHealthApplication in 46.353 seconds (process running for 51.78) 
16:44:51.762 [main] INFO  com.digitaldots.dbmigrations.LoadDB:47 [ :  :  :  :  : ] Initializing connection Data : 8 
16:44:51.769 [main] INFO  com.digitaldots.dbmigrations.LoadDB:50 [ :  :  :  :  : ] connection exist 
16:44:52.206 [main] INFO  com.digitaldots.dbmigrations.LoadDB:47 [ :  :  :  :  : ] Initializing assessment templates Data : 5 
16:44:52.207 [main] INFO  com.digitaldots.dbmigrations.LoadDB:50 [ :  :  :  :  : ] assessment templates exist 
16:44:52.232 [main] INFO  com.digitaldots.dbmigrations.LoadDB:47 [ :  :  :  :  : ] Initializing patient Data : 1 
16:44:52.233 [main] INFO  com.digitaldots.dbmigrations.LoadDB:50 [ :  :  :  :  : ] patient exist 
16:44:52.240 [main] INFO  com.digitaldots.dbmigrations.LoadDB:47 [ :  :  :  :  : ] Initializing user Data : 1 
16:44:52.241 [main] INFO  com.digitaldots.dbmigrations.LoadDB:50 [ :  :  :  :  : ] user exist 
16:45:11.110 [http-nio-9090-exec-2] TRACE c.d.platform.common.api.auth.JwtFilter:98 [9c606f2d24dae1e2a6306e8bfabf586c : 72c9b5401d50ecab : sandbox :  :  : ] Checking Authentication for URI GET /api/weather/forecast 
16:45:51.701 [scheduling-1] INFO  c.d.cronjobs.WeatherUpdateJobScheduling:61 [41b8f74f1541c6df8614307b65efaca4 : a48881b0d7456717 :  :  :  : ] Triggering startup update on weather dashboard 
16:45:51.709 [scheduling-1] INFO  c.d.cronjobs.WeatherUpdateJobScheduling:76 [41b8f74f1541c6df8614307b65efaca4 : a48881b0d7456717 :  :  :  : ] Record Count: 370 
16:45:51.737 [scheduling-1] INFO  c.d.cronjobs.WeatherUpdateJobScheduling:84 [41b8f74f1541c6df8614307b65efaca4 : a48881b0d7456717 :  :  :  : ] Record Count After: 365 
